
*** Running vivado
    with args -log div_gen_0.vds -m64 -product Vivado -mode batch -messageDb vivado.pb -notrace -source div_gen_0.tcl



****** Vivado v2020.1 (64-bit)
  **** SW Build 2902540 on Wed May 27 19:54:49 MDT 2020
  **** IP Build 2902112 on Wed May 27 22:43:36 MDT 2020
    ** Copyright 1986-2020 Xilinx, Inc. All Rights Reserved.

source div_gen_0.tcl -notrace
Command: synth_design -top div_gen_0 -part xc7k160tffg676-1 -mode out_of_context
Starting synth_design
Attempting to get a license for feature 'Synthesis' and/or device 'xc7k160t'
INFO: [Common 17-349] Got license for feature 'Synthesis' and/or device 'xc7k160t'
INFO: [Device 21-403] Loading part xc7k160tffg676-1
INFO: [Synth 8-7079] Multithreading enabled for synth_design using a maximum of 2 processes.
INFO: [Synth 8-7078] Launching helper process for spawning children vivado processes
INFO: [Synth 8-7075] Helper process launched with PID 16868
---------------------------------------------------------------------------------
Starting RTL Elaboration : Time (s): cpu = 00:00:11 ; elapsed = 00:00:12 . Memory (MB): peak = 1071.656 ; gain = 0.000
---------------------------------------------------------------------------------
INFO: [Synth 8-638] synthesizing module 'div_gen_0' [c:/Users/u39jm15/Documents/Vivado_Projects/Histogram_to_Depth/Histogram_to_Depth.srcs/sources_1/ip/div_gen_0_1/synth/div_gen_0.vhd:73]
	Parameter C_XDEVICEFAMILY bound to: kintex7 - type: string 
	Parameter C_HAS_ARESETN bound to: 0 - type: integer 
	Parameter C_HAS_ACLKEN bound to: 0 - type: integer 
	Parameter C_LATENCY bound to: 50 - type: integer 
	Parameter ALGORITHM_TYPE bound to: 1 - type: integer 
	Parameter DIVISOR_WIDTH bound to: 24 - type: integer 
	Parameter DIVIDEND_WIDTH bound to: 24 - type: integer 
	Parameter SIGNED_B bound to: 0 - type: integer 
	Parameter DIVCLK_SEL bound to: 1 - type: integer 
	Parameter FRACTIONAL_B bound to: 1 - type: integer 
	Parameter FRACTIONAL_WIDTH bound to: 23 - type: integer 
	Parameter C_HAS_DIV_BY_ZERO bound to: 0 - type: integer 
	Parameter C_THROTTLE_SCHEME bound to: 4 - type: integer 
	Parameter C_TLAST_RESOLUTION bound to: 0 - type: integer 
	Parameter C_HAS_S_AXIS_DIVISOR_TUSER bound to: 0 - type: integer 
	Parameter C_HAS_S_AXIS_DIVISOR_TLAST bound to: 0 - type: integer 
	Parameter C_S_AXIS_DIVISOR_TDATA_WIDTH bound to: 24 - type: integer 
	Parameter C_S_AXIS_DIVISOR_TUSER_WIDTH bound to: 1 - type: integer 
	Parameter C_HAS_S_AXIS_DIVIDEND_TUSER bound to: 0 - type: integer 
	Parameter C_HAS_S_AXIS_DIVIDEND_TLAST bound to: 0 - type: integer 
	Parameter C_S_AXIS_DIVIDEND_TDATA_WIDTH bound to: 24 - type: integer 
	Parameter C_S_AXIS_DIVIDEND_TUSER_WIDTH bound to: 1 - type: integer 
	Parameter C_M_AXIS_DOUT_TDATA_WIDTH bound to: 48 - type: integer 
	Parameter C_M_AXIS_DOUT_TUSER_WIDTH bound to: 1 - type: integer 
INFO: [Synth 8-3491] module 'div_gen_v5_1_16' declared at 'c:/Users/u39jm15/Documents/Vivado_Projects/Histogram_to_Depth/Histogram_to_Depth.srcs/sources_1/ip/div_gen_0_1/hdl/div_gen_v5_1_vh_rfs.vhd:13859' bound to instance 'U0' of component 'div_gen_v5_1_16' [c:/Users/u39jm15/Documents/Vivado_Projects/Histogram_to_Depth/Histogram_to_Depth.srcs/sources_1/ip/div_gen_0_1/synth/div_gen_0.vhd:147]
INFO: [Synth 8-256] done synthesizing module 'div_gen_0' (11#1) [c:/Users/u39jm15/Documents/Vivado_Projects/Histogram_to_Depth/Histogram_to_Depth.srcs/sources_1/ip/div_gen_0_1/synth/div_gen_0.vhd:73]
---------------------------------------------------------------------------------
Finished RTL Elaboration : Time (s): cpu = 00:00:20 ; elapsed = 00:00:22 . Memory (MB): peak = 1192.664 ; gain = 121.008
---------------------------------------------------------------------------------
---------------------------------------------------------------------------------
Start Handling Custom Attributes
---------------------------------------------------------------------------------
---------------------------------------------------------------------------------
Finished Handling Custom Attributes : Time (s): cpu = 00:00:21 ; elapsed = 00:00:23 . Memory (MB): peak = 1192.664 ; gain = 121.008
---------------------------------------------------------------------------------
---------------------------------------------------------------------------------
Finished RTL Optimization Phase 1 : Time (s): cpu = 00:00:21 ; elapsed = 00:00:23 . Memory (MB): peak = 1192.664 ; gain = 121.008
---------------------------------------------------------------------------------
Netlist sorting complete. Time (s): cpu = 00:00:01 ; elapsed = 00:00:00.347 . Memory (MB): peak = 1192.664 ; gain = 0.000
INFO: [Netlist 29-17] Analyzing 2350 Unisim elements for replacement
INFO: [Netlist 29-28] Unisim Transformation completed in 0 CPU seconds
INFO: [Project 1-570] Preparing netlist for logic optimization

Processing XDC Constraints
Initializing timing engine
Parsing XDC File [c:/Users/u39jm15/Documents/Vivado_Projects/Histogram_to_Depth/Histogram_to_Depth.srcs/sources_1/ip/div_gen_0_1/div_gen_0_ooc.xdc] for cell 'U0'
Finished Parsing XDC File [c:/Users/u39jm15/Documents/Vivado_Projects/Histogram_to_Depth/Histogram_to_Depth.srcs/sources_1/ip/div_gen_0_1/div_gen_0_ooc.xdc] for cell 'U0'
Parsing XDC File [C:/Users/u39jm15/Documents/Vivado_Projects/Histogram_to_Depth/Histogram_to_Depth.runs/div_gen_0_synth_1/dont_touch.xdc]
Finished Parsing XDC File [C:/Users/u39jm15/Documents/Vivado_Projects/Histogram_to_Depth/Histogram_to_Depth.runs/div_gen_0_synth_1/dont_touch.xdc]
Completed Processing XDC Constraints

Netlist sorting complete. Time (s): cpu = 00:00:00 ; elapsed = 00:00:00.007 . Memory (MB): peak = 1258.324 ; gain = 0.000
INFO: [Project 1-111] Unisim Transformation Summary:
No Unisim elements were transformed.

Constraint Validation Runtime : Time (s): cpu = 00:00:01 ; elapsed = 00:00:00.300 . Memory (MB): peak = 1271.547 ; gain = 13.223
---------------------------------------------------------------------------------
Finished Constraint Validation : Time (s): cpu = 00:00:36 ; elapsed = 00:00:38 . Memory (MB): peak = 1271.547 ; gain = 199.891
---------------------------------------------------------------------------------
---------------------------------------------------------------------------------
Start Loading Part and Timing Information
---------------------------------------------------------------------------------
Loading part: xc7k160tffg676-1
---------------------------------------------------------------------------------
Finished Loading Part and Timing Information : Time (s): cpu = 00:00:36 ; elapsed = 00:00:38 . Memory (MB): peak = 1271.547 ; gain = 199.891
---------------------------------------------------------------------------------
---------------------------------------------------------------------------------
Start Applying 'set_property' XDC Constraints
---------------------------------------------------------------------------------
Applied set_property DONT_TOUCH = true for U0. (constraint file  C:/Users/u39jm15/Documents/Vivado_Projects/Histogram_to_Depth/Histogram_to_Depth.runs/div_gen_0_synth_1/dont_touch.xdc, line 9).
---------------------------------------------------------------------------------
Finished applying 'set_property' XDC Constraints : Time (s): cpu = 00:00:36 ; elapsed = 00:00:38 . Memory (MB): peak = 1271.547 ; gain = 199.891
---------------------------------------------------------------------------------
---------------------------------------------------------------------------------
Finished RTL Optimization Phase 2 : Time (s): cpu = 00:00:38 ; elapsed = 00:00:40 . Memory (MB): peak = 1271.547 ; gain = 199.891
---------------------------------------------------------------------------------
---------------------------------------------------------------------------------
Start RTL Component Statistics 
---------------------------------------------------------------------------------
---------------------------------------------------------------------------------
Finished RTL Component Statistics 
---------------------------------------------------------------------------------
---------------------------------------------------------------------------------
Start Part Resource Summary
---------------------------------------------------------------------------------
Part Resources:
DSPs: 600 (col length:100)
BRAMs: 650 (col length: RAMB18 100 RAMB36 50)
---------------------------------------------------------------------------------
Finished Part Resource Summary
---------------------------------------------------------------------------------
---------------------------------------------------------------------------------
Start Cross Boundary and Area Optimization
---------------------------------------------------------------------------------
---------------------------------------------------------------------------------
Finished Cross Boundary and Area Optimization : Time (s): cpu = 00:00:44 ; elapsed = 00:00:47 . Memory (MB): peak = 1271.547 ; gain = 199.891
---------------------------------------------------------------------------------
---------------------------------------------------------------------------------
Start Applying XDC Timing Constraints
---------------------------------------------------------------------------------
---------------------------------------------------------------------------------
Finished Applying XDC Timing Constraints : Time (s): cpu = 00:00:57 ; elapsed = 00:01:00 . Memory (MB): peak = 1271.547 ; gain = 199.891
---------------------------------------------------------------------------------
---------------------------------------------------------------------------------
Start Timing Optimization
---------------------------------------------------------------------------------
---------------------------------------------------------------------------------
Finished Timing Optimization : Time (s): cpu = 00:00:58 ; elapsed = 00:01:02 . Memory (MB): peak = 1271.547 ; gain = 199.891
---------------------------------------------------------------------------------
---------------------------------------------------------------------------------
Start Technology Mapping
---------------------------------------------------------------------------------
---------------------------------------------------------------------------------
Finished Technology Mapping : Time (s): cpu = 00:01:01 ; elapsed = 00:01:05 . Memory (MB): peak = 1272.414 ; gain = 200.758
---------------------------------------------------------------------------------
---------------------------------------------------------------------------------
Start IO Insertion
---------------------------------------------------------------------------------
---------------------------------------------------------------------------------
Start Flattening Before IO Insertion
---------------------------------------------------------------------------------
---------------------------------------------------------------------------------
Finished Flattening Before IO Insertion
---------------------------------------------------------------------------------
---------------------------------------------------------------------------------
Start Final Netlist Cleanup
---------------------------------------------------------------------------------
---------------------------------------------------------------------------------
Finished Final Netlist Cleanup
---------------------------------------------------------------------------------
---------------------------------------------------------------------------------
Finished IO Insertion : Time (s): cpu = 00:01:09 ; elapsed = 00:01:12 . Memory (MB): peak = 1272.414 ; gain = 200.758
---------------------------------------------------------------------------------
---------------------------------------------------------------------------------
Start Renaming Generated Instances
---------------------------------------------------------------------------------
---------------------------------------------------------------------------------
Finished Renaming Generated Instances : Time (s): cpu = 00:01:09 ; elapsed = 00:01:12 . Memory (MB): peak = 1272.414 ; gain = 200.758
---------------------------------------------------------------------------------
---------------------------------------------------------------------------------
Start Rebuilding User Hierarchy
---------------------------------------------------------------------------------
---------------------------------------------------------------------------------
Finished Rebuilding User Hierarchy : Time (s): cpu = 00:01:11 ; elapsed = 00:01:14 . Memory (MB): peak = 1272.414 ; gain = 200.758
---------------------------------------------------------------------------------
---------------------------------------------------------------------------------
Start Renaming Generated Ports
---------------------------------------------------------------------------------
---------------------------------------------------------------------------------
Finished Renaming Generated Ports : Time (s): cpu = 00:01:11 ; elapsed = 00:01:15 . Memory (MB): peak = 1272.414 ; gain = 200.758
---------------------------------------------------------------------------------
---------------------------------------------------------------------------------
Start Handling Custom Attributes
---------------------------------------------------------------------------------
---------------------------------------------------------------------------------
Finished Handling Custom Attributes : Time (s): cpu = 00:01:11 ; elapsed = 00:01:15 . Memory (MB): peak = 1272.414 ; gain = 200.758
---------------------------------------------------------------------------------
---------------------------------------------------------------------------------
Start Renaming Generated Nets
---------------------------------------------------------------------------------
---------------------------------------------------------------------------------
Finished Renaming Generated Nets : Time (s): cpu = 00:01:11 ; elapsed = 00:01:15 . Memory (MB): peak = 1272.414 ; gain = 200.758
---------------------------------------------------------------------------------
---------------------------------------------------------------------------------
Start Writing Synthesis Report
---------------------------------------------------------------------------------

Report BlackBoxes: 
+-+--------------+----------+
| |BlackBox name |Instances |
+-+--------------+----------+
+-+--------------+----------+

Report Cell Usage: 
+------+--------+------+
|      |Cell    |Count |
+------+--------+------+
|1     |LUT1    |   116|
|2     |LUT2    |   120|
|3     |LUT3    |  1129|
|4     |LUT4    |     2|
|5     |LUT5    |     2|
|6     |LUT6    |     4|
|7     |MUXCY   |  1175|
|8     |SRLC32E |     2|
|9     |XORCY   |  1175|
|10    |FDRE    |  3954|
+------+--------+------+
---------------------------------------------------------------------------------
Finished Writing Synthesis Report : Time (s): cpu = 00:01:11 ; elapsed = 00:01:15 . Memory (MB): peak = 1272.414 ; gain = 200.758
---------------------------------------------------------------------------------
Synthesis finished with 0 errors, 0 critical warnings and 0 warnings.
Synthesis Optimization Runtime : Time (s): cpu = 00:00:44 ; elapsed = 00:01:08 . Memory (MB): peak = 1272.414 ; gain = 121.875
Synthesis Optimization Complete : Time (s): cpu = 00:01:12 ; elapsed = 00:01:15 . Memory (MB): peak = 1272.414 ; gain = 200.758
INFO: [Project 1-571] Translating synthesized netlist
Netlist sorting complete. Time (s): cpu = 00:00:00 ; elapsed = 00:00:00.325 . Memory (MB): peak = 1272.414 ; gain = 0.000
INFO: [Netlist 29-17] Analyzing 2350 Unisim elements for replacement
INFO: [Netlist 29-28] Unisim Transformation completed in 0 CPU seconds
INFO: [Project 1-570] Preparing netlist for logic optimization
INFO: [Opt 31-138] Pushed 0 inverter(s) to 0 load pin(s).
Netlist sorting complete. Time (s): cpu = 00:00:00 ; elapsed = 00:00:00.007 . Memory (MB): peak = 1297.445 ; gain = 0.000
INFO: [Project 1-111] Unisim Transformation Summary:
  A total of 329 instances were transformed.
  (MUXCY,XORCY) => CARRY4: 329 instances

INFO: [Common 17-83] Releasing license: Synthesis
19 Infos, 0 Warnings, 0 Critical Warnings and 0 Errors encountered.
synth_design completed successfully
synth_design: Time (s): cpu = 00:01:27 ; elapsed = 00:01:34 . Memory (MB): peak = 1297.445 ; gain = 225.789
INFO: [Common 17-1381] The checkpoint 'C:/Users/u39jm15/Documents/Vivado_Projects/Histogram_to_Depth/Histogram_to_Depth.runs/div_gen_0_synth_1/div_gen_0.dcp' has been generated.
WARNING: [Common 17-576] 'use_project_ipc' is deprecated. This option is deprecated and no longer used.
INFO: [Coretcl 2-1648] Added synthesis output to IP cache for IP div_gen_0, cache-ID = 13189db9ae513b7b
INFO: [Coretcl 2-1174] Renamed 408 cell refs.
INFO: [Common 17-1381] The checkpoint 'C:/Users/u39jm15/Documents/Vivado_Projects/Histogram_to_Depth/Histogram_to_Depth.runs/div_gen_0_synth_1/div_gen_0.dcp' has been generated.
INFO: [runtcl-4] Executing : report_utilization -file div_gen_0_utilization_synth.rpt -pb div_gen_0_utilization_synth.pb
INFO: [Common 17-206] Exiting Vivado at Wed Dec  2 14:19:16 2020...
